<?xml version="1.0" encoding="UTF-8"?>
<!-- Generated by org.testng.reporters.JUnitReportReporter -->
<testsuite hostname="Shihab" name="util.BrowserFactory" tests="1" failures="0" timestamp="30 Apr 2023 14:56:49 GMT" time="2.440" errors="0">
  <testcase name="init" time="2.440" classname="util.BrowserFactory"/>
</testsuite> <!-- util.BrowserFactory -->
