<?xml version="1.0" encoding="UTF-8"?>
<!-- Generated by org.testng.reporters.JUnitReportReporter -->
<testsuite hostname="Shihab" name="test.LoginTest" tests="1" failures="0" timestamp="30 Apr 2023 16:21:01 GMT" time="3.856" errors="0">
  <testcase name="userShouldBeAbleToLogin" time="3.856" classname="test.LoginTest"/>
</testsuite> <!-- test.LoginTest -->
