<?xml version="1.0" encoding="UTF-8"?>
<!-- Generated by org.testng.reporters.JUnitReportReporter -->
<testsuite hostname="Shihab" name="test.AddCustomerTest" tests="1" failures="0" timestamp="30 Apr 2023 17:31:19 GMT" time="9.518" errors="0">
  <testcase name="userShouldBeAbleToAddCustomer" time="9.518" classname="test.AddCustomerTest"/>
</testsuite> <!-- test.AddCustomerTest -->
